[debug] [2021-01-13T21:41:47.186Z] ----------------------------------------------------------------------
[debug] [2021-01-13T21:41:47.189Z] Command:       C:\Program Files\nodejs\node.exe C:\Users\Murad\AppData\Roaming\npm\node_modules\firebase-tools\lib\bin\firebase.js init
[debug] [2021-01-13T21:41:47.189Z] CLI Version:   9.2.0
[debug] [2021-01-13T21:41:47.189Z] Platform:      win32
[debug] [2021-01-13T21:41:47.189Z] Node Version:  v12.17.0
[debug] [2021-01-13T21:41:47.190Z] Time:          Thu Jan 14 2021 01:41:47 GMT+0400 (Azerbaijan Standard Time)
[debug] [2021-01-13T21:41:47.190Z] ----------------------------------------------------------------------
[debug] [2021-01-13T21:41:47.190Z] 
[debug] [2021-01-13T21:41:47.193Z] >>> [apiv2][query] GET https://firebase-public.firebaseio.com/cli.json [none]
[debug] [2021-01-13T21:41:47.209Z] > command requires scopes: ["email","openid","https://www.googleapis.com/auth/cloudplatformprojects.readonly","https://www.googleapis.com/auth/firebase","https://www.googleapis.com/auth/cloud-platform"]
[debug] [2021-01-13T21:41:47.209Z] > authorizing via signed-in user
[info] 
     ######## #### ########  ######## ########     ###     ######  ########
     ##        ##  ##     ## ##       ##     ##  ##   ##  ##       ##
     ######    ##  ########  ######   ########  #########  ######  ######
     ##        ##  ##    ##  ##       ##     ## ##     ##       ## ##
     ##       #### ##     ## ######## ########  ##     ##  ######  ########

You're about to initialize a Firebase project in this directory:

  C:\Users\Murad

Before we get started, keep in mind:

  * You are initializing in an existing Firebase project directory

[debug] [2021-01-13T21:41:47.871Z] <<< [apiv2][status] GET https://firebase-public.firebaseio.com/cli.json 200
[debug] [2021-01-13T21:41:47.871Z] <<< [apiv2][body] GET https://firebase-public.firebaseio.com/cli.json {"cloudBuildErrorAfter":1594252800000,"cloudBuildWarnAfter":1590019200000,"defaultNode10After":1594252800000,"minVersion":"3.0.5","node8DeploysDisabledAfter":1613390400000,"node8RuntimeDisabledAfter":1615809600000,"node8WarnAfter":1600128000000}
